New log file opened at Wed Feb 17 09:20:10 CET 2016 by 11164@ewolf-ultrabook
Taking next connection to: 50015
New client attempting to connect on port: 50016-50015
  Address = /172.17.14.105:50015
This client on port 50016 has uuid bb9724fb-6130-4ce0-8daf-65592f7a3efa configName activator humanReadableName Activator protocolVersion 3 featureTags Vector()
Connected Clients: activator-bb9724fb-6130-4ce0-8daf-65592f7a3efa
Taking next connection to: 50015
New client attempting to connect on port: 50057-50015
  Address = /172.17.14.105:50015
Handshake exception on socket: 50057
sbt.impl.ipc.HandshakeException: Unable to perform handshake
	at sbt.impl.ipc.Peer.handshake(IPC.scala:46)
	at sbt.impl.ipc.MultiClientServer.<init>(IPC.scala:150)
	at sbt.server.SbtServerSocketHandler$$anon$1.run(SbtServerSocketHandler.scala:43)
Caused by: java.io.EOFException
	at java.io.DataInputStream.readInt(Unknown Source)
	at sbt.impl.ipc.Peer.receive(IPC.scala:95)
	at sbt.impl.ipc.Peer.handshake(IPC.scala:49)
	... 2 more
Taking next connection to: 50015
New client attempting to connect on port: 50058-50015
  Address = /172.17.14.105:50015
This client on port 50058 has uuid 94c2e471-237a-4cae-a499-9f533d63ba42 configName play-fork-run humanReadableName Play Fork Run protocolVersion 1 featureTags Vector()
Connected Clients: activator-bb9724fb-6130-4ce0-8daf-65592f7a3efa, play-fork-run-94c2e471-237a-4cae-a499-9f533d63ba42
Taking next connection to: 50015
